============================= test session starts ==============================
platform darwin -- Python 3.9.14, pytest-6.2.2, py-1.10.0, pluggy-0.13.1
rootdir: /Users/naim_joukovsky/Desktop/Dev/star-wars-API-ETL
plugins: web3-5.31.0, timeout-2.1.0, cov-4.0.0
collected 27 items / 26 deselected / 1 selected

tests/test_star_wars_characters.py .                                     [100%]

================= 1 passed, 26 deselected in 63.60s (0:01:03) ==================
============================= test session starts ==============================
platform darwin -- Python 3.9.14, pytest-6.2.2, py-1.10.0, pluggy-0.13.1
rootdir: /Users/naim_joukovsky/Desktop/Dev/star-wars-API-ETL
plugins: web3-5.31.0, timeout-2.1.0, cov-4.0.0
collected 27 items / 26 deselected / 1 selected

tests/test_star_wars_characters.py .                                     [100%]

======================= 1 passed, 26 deselected in 9.96s =======================
============================= test session starts ==============================
platform darwin -- Python 3.9.14, pytest-6.2.2, py-1.10.0, pluggy-0.13.1
rootdir: /Users/naim_joukovsky/Desktop/Dev/star-wars-API-ETL
plugins: web3-5.31.0, timeout-2.1.0, cov-4.0.0
collected 27 items / 26 deselected / 1 selected

tests/test_star_wars_characters.py .                                     [100%]

======================= 1 passed, 26 deselected in 5.64s =======================
============================= test session starts ==============================
platform darwin -- Python 3.9.14, pytest-6.2.2, py-1.10.0, pluggy-0.13.1
rootdir: /Users/naim_joukovsky/Desktop/Dev/star-wars-API-ETL
plugins: web3-5.31.0, timeout-2.1.0, cov-4.0.0
collected 27 items / 26 deselected / 1 selected

tests/test_star_wars_characters.py .                                     [100%]

======================= 1 passed, 26 deselected in 3.70s =======================
============================= test session starts ==============================
platform darwin -- Python 3.9.14, pytest-6.2.2, py-1.10.0, pluggy-0.13.1
rootdir: /Users/naim_joukovsky/Desktop/Dev/star-wars-API-ETL
plugins: web3-5.31.0, timeout-2.1.0, cov-4.0.0
collected 27 items / 26 deselected / 1 selected

tests/test_star_wars_characters.py F                                     [100%]

=================================== FAILURES ===================================
_____________________ test_sort_top10_characters_by_height _____________________

star_wars_characters_data = <src.star_wars_characters.StarWarsCharactersData object at 0x10f1d9730>
sample_csv_data = [{'appearances': 4, 'height': 228, 'name': 'Chewbacca', 'species': 'Wookie'}, {'appearances': 4, 'height': 202, 'name'..., 'name': 'Luke Skywalker', 'species': ''}, {'appearances': 5, 'height': 170, 'name': 'Palpatine', 'species': ''}, ...]

    def test_sort_top10_characters_by_height(star_wars_characters_data, sample_csv_data):
        top10_sorted_character = star_wars_characters_data.sort_top10_characters_by_height()
>       assert top10_sorted_character == sample_csv_data
E       AssertionError: assert [{'appearance...es': ''}, ...] == [{'appearance...es': ''}, ...]
E         At index 2 diff: {'name': 'Nute Gunray', 'species': 'Neimodian', 'height': 191, 'appearances': 3} != {'name': 'Ki-Adi-Mundi', 'species': 'Cerean', 'height': 198, 'appearances': 3}
E         Use -v to get the full diff

tests/test_star_wars_characters.py:329: AssertionError
=========================== short test summary info ============================
FAILED tests/test_star_wars_characters.py::test_sort_top10_characters_by_height
======================= 1 failed, 26 deselected in 4.07s =======================
============================= test session starts ==============================
platform darwin -- Python 3.9.14, pytest-6.2.2, py-1.10.0, pluggy-0.13.1
rootdir: /Users/naim_joukovsky/Desktop/Dev/star-wars-API-ETL
plugins: web3-5.31.0, timeout-2.1.0, cov-4.0.0
collected 27 items / 26 deselected / 1 selected

tests/test_star_wars_characters.py .                                     [100%]

======================= 1 passed, 26 deselected in 3.63s =======================
============================= test session starts ==============================
platform darwin -- Python 3.9.14, pytest-6.2.2, py-1.10.0, pluggy-0.13.1
rootdir: /Users/naim_joukovsky/Desktop/Dev/star-wars-API-ETL
plugins: web3-5.31.0, timeout-2.1.0, cov-4.0.0
collected 27 items / 26 deselected / 1 selected

tests/test_star_wars_characters.py .                                     [100%]

======================= 1 passed, 26 deselected in 3.88s =======================
============================= test session starts ==============================
platform darwin -- Python 3.9.14, pytest-6.2.2, py-1.10.0, pluggy-0.13.1
rootdir: /Users/naim_joukovsky/Desktop/Dev/star-wars-API-ETL
plugins: web3-5.31.0, timeout-2.1.0, cov-4.0.0
collected 27 items / 26 deselected / 1 selected

tests/test_star_wars_characters.py F                                     [100%]

=================================== FAILURES ===================================
_____________________ test_sort_top10_characters_by_height _____________________

star_wars_characters_data = <src.star_wars_characters.StarWarsCharactersData object at 0x10ef2e730>
sample_csv_data = [{'appearances': 4, 'height': 228, 'name': 'Chewbacca', 'species': 'Wookie'}, {'appearances': 4, 'height': 202, 'name'..., 'name': 'Luke Skywalker', 'species': ''}, {'appearances': 5, 'height': 170, 'name': 'Palpatine', 'species': ''}, ...]

    def test_sort_top10_characters_by_height(star_wars_characters_data, sample_csv_data):
>       top10_sorted_character = star_wars_characters_data.sort_top10_characters_by_height()

tests/test_star_wars_characters.py:328: 
_ _ _ _ _ _ _ _ _ _ _ _ _ _ _ _ _ _ _ _ _ _ _ _ _ _ _ _ _ _ _ _ _ _ _ _ _ _ _ _ 
src/star_wars_characters.py:250: in sort_top10_characters_by_height
    top10_sorted_character = self.add_species_data_from_api(top10_sorted_character)
src/star_wars_characters.py:209: in add_species_data_from_api
    characters = self.retrieve_species_from_url(characters)
_ _ _ _ _ _ _ _ _ _ _ _ _ _ _ _ _ _ _ _ _ _ _ _ _ _ _ _ _ _ _ _ _ _ _ _ _ _ _ _ 

self = <src.star_wars_characters.StarWarsCharactersData object at 0x10ef2e730>
sorted_characters = [{'appearances': 4, 'height': 228, 'name': 'Chewbacca', 'species': 'https://swapi.dev/api/species/3/'}, {'appearances'..., 'name': 'Luke Skywalker', 'species': ''}, {'appearances': 5, 'height': 170, 'name': 'Palpatine', 'species': ''}, ...]

    def retrieve_species_from_url(self, sorted_characters):
        """
        @Notice Retrieves the species name for each character in the input list of dictionaries by matching their species URL
        with the corresponding URL in the 'species' list.
        @Param sorted_characters: A list of dictionaries, where each dictionary represents a character and contains a 'species' key
                                with a URL value.
        @Return: The updated list of dictionaries, where the 'species' key of each character dictionary now contains the
                corresponding species name instead of the URL.
        """
        for character in sorted_characters:
            if character['species']:
                # Filters the 'species' list to get the dictionary that has a URL key matching the 'species' URL of the character
                # and assigns the corresponding species name to the 'species' key of the character dictionary.
>               single_species = list(filter(lambda d: d['url'] == character['species'], self.species))[0]
E               IndexError: list index out of range

src/star_wars_characters.py:227: IndexError
------------------------------ Captured log call -------------------------------
ERROR    concurrent.futures:_base.py:332 exception calling callback for <Future at 0x10ef2e490 state=finished raised ConnectionError>
Traceback (most recent call last):
  File "/usr/local/lib/python3.9/site-packages/urllib3/connection.py", line 174, in _new_conn
    conn = connection.create_connection(
  File "/usr/local/lib/python3.9/site-packages/urllib3/util/connection.py", line 72, in create_connection
    for res in socket.getaddrinfo(host, port, family, socket.SOCK_STREAM):
  File "/usr/local/Cellar/python@3.9/3.9.14/Frameworks/Python.framework/Versions/3.9/lib/python3.9/socket.py", line 954, in getaddrinfo
    for res in _socket.getaddrinfo(host, port, family, type, proto, flags):
socket.gaierror: [Errno 8] nodename nor servname provided, or not known

During handling of the above exception, another exception occurred:

Traceback (most recent call last):
  File "/usr/local/lib/python3.9/site-packages/urllib3/connectionpool.py", line 703, in urlopen
    httplib_response = self._make_request(
  File "/usr/local/lib/python3.9/site-packages/urllib3/connectionpool.py", line 386, in _make_request
    self._validate_conn(conn)
  File "/usr/local/lib/python3.9/site-packages/urllib3/connectionpool.py", line 1042, in _validate_conn
    conn.connect()
  File "/usr/local/lib/python3.9/site-packages/urllib3/connection.py", line 358, in connect
    self.sock = conn = self._new_conn()
  File "/usr/local/lib/python3.9/site-packages/urllib3/connection.py", line 186, in _new_conn
    raise NewConnectionError(
urllib3.exceptions.NewConnectionError: <urllib3.connection.HTTPSConnection object at 0x10ef62eb0>: Failed to establish a new connection: [Errno 8] nodename nor servname provided, or not known

During handling of the above exception, another exception occurred:

Traceback (most recent call last):
  File "/usr/local/lib/python3.9/site-packages/requests/adapters.py", line 489, in send
    resp = conn.urlopen(
  File "/usr/local/lib/python3.9/site-packages/urllib3/connectionpool.py", line 787, in urlopen
    retries = retries.increment(
  File "/usr/local/lib/python3.9/site-packages/urllib3/util/retry.py", line 592, in increment
    raise MaxRetryError(_pool, url, error or ResponseError(cause))
urllib3.exceptions.MaxRetryError: HTTPSConnectionPool(host='swapi.dev', port=443): Max retries exceeded with url: /api/species/3/ (Caused by NewConnectionError('<urllib3.connection.HTTPSConnection object at 0x10ef62eb0>: Failed to establish a new connection: [Errno 8] nodename nor servname provided, or not known'))

During handling of the above exception, another exception occurred:

Traceback (most recent call last):
  File "/usr/local/Cellar/python@3.9/3.9.14/Frameworks/Python.framework/Versions/3.9/lib/python3.9/concurrent/futures/_base.py", line 330, in _invoke_callbacks
    callback(self)
  File "/Users/naim_joukovsky/Desktop/Dev/star-wars-API-ETL/src/star_wars_characters.py", line 205, in <lambda>
    future.add_done_callback(lambda f: self.agregate_api_results(f.result(), self.species, "species"))
  File "/usr/local/Cellar/python@3.9/3.9.14/Frameworks/Python.framework/Versions/3.9/lib/python3.9/concurrent/futures/_base.py", line 439, in result
    return self.__get_result()
  File "/usr/local/Cellar/python@3.9/3.9.14/Frameworks/Python.framework/Versions/3.9/lib/python3.9/concurrent/futures/_base.py", line 391, in __get_result
    raise self._exception
  File "/usr/local/Cellar/python@3.9/3.9.14/Frameworks/Python.framework/Versions/3.9/lib/python3.9/concurrent/futures/thread.py", line 58, in run
    result = self.fn(*self.args, **self.kwargs)
  File "/Users/naim_joukovsky/Desktop/Dev/star-wars-API-ETL/src/star_wars_characters.py", line 156, in get_star_wars_api_page
    response = requests.get(url)
  File "/usr/local/lib/python3.9/site-packages/requests/api.py", line 73, in get
    return request("get", url, params=params, **kwargs)
  File "/usr/local/lib/python3.9/site-packages/requests/api.py", line 59, in request
    return session.request(method=method, url=url, **kwargs)
  File "/usr/local/lib/python3.9/site-packages/requests/sessions.py", line 587, in request
    resp = self.send(prep, **send_kwargs)
  File "/usr/local/lib/python3.9/site-packages/requests/sessions.py", line 701, in send
    r = adapter.send(request, **kwargs)
  File "/usr/local/lib/python3.9/site-packages/requests/adapters.py", line 565, in send
    raise ConnectionError(e, request=request)
requests.exceptions.ConnectionError: HTTPSConnectionPool(host='swapi.dev', port=443): Max retries exceeded with url: /api/species/3/ (Caused by NewConnectionError('<urllib3.connection.HTTPSConnection object at 0x10ef62eb0>: Failed to establish a new connection: [Errno 8] nodename nor servname provided, or not known'))
=========================== short test summary info ============================
FAILED tests/test_star_wars_characters.py::test_sort_top10_characters_by_height
======================= 1 failed, 26 deselected in 3.81s =======================
============================= test session starts ==============================
platform darwin -- Python 3.9.14, pytest-6.2.2, py-1.10.0, pluggy-0.13.1
rootdir: /Users/naim_joukovsky/Desktop/Dev/star-wars-API-ETL
plugins: web3-5.31.0, timeout-2.1.0, cov-4.0.0
collected 27 items / 26 deselected / 1 selected

tests/test_star_wars_characters.py .                                     [100%]

======================= 1 passed, 26 deselected in 3.59s =======================
============================= test session starts ==============================
platform darwin -- Python 3.9.14, pytest-6.2.2, py-1.10.0, pluggy-0.13.1
rootdir: /Users/naim_joukovsky/Desktop/Dev/star-wars-API-ETL
plugins: web3-5.31.0, timeout-2.1.0, cov-4.0.0
collected 27 items / 26 deselected / 1 selected

tests/test_star_wars_characters.py .                                     [100%]

======================= 1 passed, 26 deselected in 3.93s =======================
============================= test session starts ==============================
platform darwin -- Python 3.9.14, pytest-6.2.2, py-1.10.0, pluggy-0.13.1
rootdir: /Users/naim_joukovsky/Desktop/Dev/star-wars-API-ETL
plugins: web3-5.31.0, timeout-2.1.0, cov-4.0.0
collected 27 items / 26 deselected / 1 selected

tests/test_star_wars_characters.py .                                     [100%]

======================= 1 passed, 26 deselected in 4.05s =======================
============================= test session starts ==============================
platform darwin -- Python 3.9.14, pytest-6.2.2, py-1.10.0, pluggy-0.13.1
rootdir: /Users/naim_joukovsky/Desktop/Dev/star-wars-API-ETL
plugins: web3-5.31.0, timeout-2.1.0, cov-4.0.0
collected 27 items / 26 deselected / 1 selected

tests/test_star_wars_characters.py .                                     [100%]

======================= 1 passed, 26 deselected in 4.73s =======================
============================= test session starts ==============================
platform darwin -- Python 3.9.14, pytest-6.2.2, py-1.10.0, pluggy-0.13.1
rootdir: /Users/naim_joukovsky/Desktop/Dev/star-wars-API-ETL
plugins: web3-5.31.0, timeout-2.1.0, cov-4.0.0
collected 27 items / 26 deselected / 1 selected

tests/test_star_wars_characters.py .                                     [100%]

======================= 1 passed, 26 deselected in 4.04s =======================
============================= test session starts ==============================
platform darwin -- Python 3.9.14, pytest-6.2.2, py-1.10.0, pluggy-0.13.1
rootdir: /Users/naim_joukovsky/Desktop/Dev/star-wars-API-ETL
plugins: web3-5.31.0, timeout-2.1.0, cov-4.0.0
collected 27 items / 26 deselected / 1 selected

tests/test_star_wars_characters.py .                                     [100%]

======================= 1 passed, 26 deselected in 4.95s =======================
============================= test session starts ==============================
platform darwin -- Python 3.9.14, pytest-6.2.2, py-1.10.0, pluggy-0.13.1
rootdir: /Users/naim_joukovsky/Desktop/Dev/star-wars-API-ETL
plugins: web3-5.31.0, timeout-2.1.0, cov-4.0.0
collected 27 items / 26 deselected / 1 selected

tests/test_star_wars_characters.py .                                     [100%]

======================= 1 passed, 26 deselected in 5.11s =======================
============================= test session starts ==============================
platform darwin -- Python 3.9.14, pytest-6.2.2, py-1.10.0, pluggy-0.13.1
rootdir: /Users/naim_joukovsky/Desktop/Dev/star-wars-API-ETL
plugins: web3-5.31.0, timeout-2.1.0, cov-4.0.0
collected 27 items / 26 deselected / 1 selected

tests/test_star_wars_characters.py .                                     [100%]

======================= 1 passed, 26 deselected in 3.48s =======================
============================= test session starts ==============================
platform darwin -- Python 3.9.14, pytest-6.2.2, py-1.10.0, pluggy-0.13.1
rootdir: /Users/naim_joukovsky/Desktop/Dev/star-wars-API-ETL
plugins: web3-5.31.0, timeout-2.1.0, cov-4.0.0
collected 27 items / 26 deselected / 1 selected

tests/test_star_wars_characters.py .                                     [100%]

======================= 1 passed, 26 deselected in 3.29s =======================
============================= test session starts ==============================
platform darwin -- Python 3.9.14, pytest-6.2.2, py-1.10.0, pluggy-0.13.1
rootdir: /Users/naim_joukovsky/Desktop/Dev/star-wars-API-ETL
plugins: web3-5.31.0, timeout-2.1.0, cov-4.0.0
collected 27 items / 26 deselected / 1 selected

tests/test_star_wars_characters.py .                                     [100%]

======================= 1 passed, 26 deselected in 3.98s =======================
============================= test session starts ==============================
platform darwin -- Python 3.9.14, pytest-6.2.2, py-1.10.0, pluggy-0.13.1
rootdir: /Users/naim_joukovsky/Desktop/Dev/star-wars-API-ETL
plugins: web3-5.31.0, timeout-2.1.0, cov-4.0.0
collected 27 items / 26 deselected / 1 selected

tests/test_star_wars_characters.py .                                     [100%]

======================= 1 passed, 26 deselected in 3.33s =======================
============================= test session starts ==============================
platform darwin -- Python 3.9.14, pytest-6.2.2, py-1.10.0, pluggy-0.13.1
rootdir: /Users/naim_joukovsky/Desktop/Dev/star-wars-API-ETL
plugins: web3-5.31.0, timeout-2.1.0, cov-4.0.0
collected 27 items / 26 deselected / 1 selected

tests/test_star_wars_characters.py .                                     [100%]

======================= 1 passed, 26 deselected in 3.88s =======================
============================= test session starts ==============================
platform darwin -- Python 3.9.14, pytest-6.2.2, py-1.10.0, pluggy-0.13.1
rootdir: /Users/naim_joukovsky/Desktop/Dev/star-wars-API-ETL
plugins: web3-5.31.0, timeout-2.1.0, cov-4.0.0
collected 27 items / 26 deselected / 1 selected

tests/test_star_wars_characters.py .                                     [100%]

======================= 1 passed, 26 deselected in 3.44s =======================
============================= test session starts ==============================
platform darwin -- Python 3.9.14, pytest-6.2.2, py-1.10.0, pluggy-0.13.1
rootdir: /Users/naim_joukovsky/Desktop/Dev/star-wars-API-ETL
plugins: web3-5.31.0, timeout-2.1.0, cov-4.0.0
collected 27 items / 26 deselected / 1 selected

tests/test_star_wars_characters.py .                                     [100%]

======================= 1 passed, 26 deselected in 3.51s =======================
============================= test session starts ==============================
platform darwin -- Python 3.9.14, pytest-6.2.2, py-1.10.0, pluggy-0.13.1
rootdir: /Users/naim_joukovsky/Desktop/Dev/star-wars-API-ETL
plugins: web3-5.31.0, timeout-2.1.0, cov-4.0.0
collected 27 items / 26 deselected / 1 selected

tests/test_star_wars_characters.py .                                     [100%]

======================= 1 passed, 26 deselected in 3.39s =======================
============================= test session starts ==============================
platform darwin -- Python 3.9.14, pytest-6.2.2, py-1.10.0, pluggy-0.13.1
rootdir: /Users/naim_joukovsky/Desktop/Dev/star-wars-API-ETL
plugins: web3-5.31.0, timeout-2.1.0, cov-4.0.0
collected 27 items / 26 deselected / 1 selected

tests/test_star_wars_characters.py .                                     [100%]

======================= 1 passed, 26 deselected in 3.33s =======================
============================= test session starts ==============================
platform darwin -- Python 3.9.14, pytest-6.2.2, py-1.10.0, pluggy-0.13.1
rootdir: /Users/naim_joukovsky/Desktop/Dev/star-wars-API-ETL
plugins: web3-5.31.0, timeout-2.1.0, cov-4.0.0
collected 27 items / 26 deselected / 1 selected

tests/test_star_wars_characters.py .                                     [100%]

======================= 1 passed, 26 deselected in 3.88s =======================
============================= test session starts ==============================
platform darwin -- Python 3.9.14, pytest-6.2.2, py-1.10.0, pluggy-0.13.1
rootdir: /Users/naim_joukovsky/Desktop/Dev/star-wars-API-ETL
plugins: web3-5.31.0, timeout-2.1.0, cov-4.0.0
collected 27 items / 26 deselected / 1 selected

tests/test_star_wars_characters.py .                                     [100%]

======================= 1 passed, 26 deselected in 3.51s =======================
============================= test session starts ==============================
platform darwin -- Python 3.9.14, pytest-6.2.2, py-1.10.0, pluggy-0.13.1
rootdir: /Users/naim_joukovsky/Desktop/Dev/star-wars-API-ETL
plugins: web3-5.31.0, timeout-2.1.0, cov-4.0.0
collected 27 items / 26 deselected / 1 selected

tests/test_star_wars_characters.py .                                     [100%]

======================= 1 passed, 26 deselected in 3.55s =======================
============================= test session starts ==============================
platform darwin -- Python 3.9.14, pytest-6.2.2, py-1.10.0, pluggy-0.13.1
rootdir: /Users/naim_joukovsky/Desktop/Dev/star-wars-API-ETL
plugins: web3-5.31.0, timeout-2.1.0, cov-4.0.0
collected 27 items / 26 deselected / 1 selected

tests/test_star_wars_characters.py .                                     [100%]

======================= 1 passed, 26 deselected in 3.47s =======================
============================= test session starts ==============================
platform darwin -- Python 3.9.14, pytest-6.2.2, py-1.10.0, pluggy-0.13.1
rootdir: /Users/naim_joukovsky/Desktop/Dev/star-wars-API-ETL
plugins: web3-5.31.0, timeout-2.1.0, cov-4.0.0
collected 0 items / 1 error

==================================== ERRORS ====================================
_____________ ERROR collecting tests/test_star_wars_characters.py ______________
/usr/local/lib/python3.9/site-packages/_pytest/python.py:578: in _importtestmodule
    mod = import_path(self.fspath, mode=importmode)
/usr/local/lib/python3.9/site-packages/_pytest/pathlib.py:531: in import_path
    importlib.import_module(module_name)
/usr/local/Cellar/python@3.9/3.9.14/Frameworks/Python.framework/Versions/3.9/lib/python3.9/importlib/__init__.py:127: in import_module
    return _bootstrap._gcd_import(name[level:], package, level)
<frozen importlib._bootstrap>:1030: in _gcd_import
    ???
<frozen importlib._bootstrap>:1007: in _find_and_load
    ???
<frozen importlib._bootstrap>:986: in _find_and_load_unlocked
    ???
<frozen importlib._bootstrap>:680: in _load_unlocked
    ???
/usr/local/lib/python3.9/site-packages/_pytest/assertion/rewrite.py:170: in exec_module
    exec(co, module.__dict__)
tests/test_star_wars_characters.py:2: in <module>
    from src.star_wars_characters import StarWarsCharactersData
E     File "/Users/naim_joukovsky/Desktop/Dev/star-wars-API-ETL/src/star_wars_characters.py", line 57
E       return characters
E       ^
E   SyntaxError: 'return' outside function
=========================== short test summary info ============================
ERROR tests/test_star_wars_characters.py
!!!!!!!!!!!!!!!!!!!! Interrupted: 1 error during collection !!!!!!!!!!!!!!!!!!!!
=============================== 1 error in 0.16s ===============================
============================= test session starts ==============================
platform darwin -- Python 3.9.14, pytest-6.2.2, py-1.10.0, pluggy-0.13.1
rootdir: /Users/naim_joukovsky/Desktop/Dev/star-wars-API-ETL
plugins: web3-5.31.0, timeout-2.1.0, cov-4.0.0
collected 27 items / 26 deselected / 1 selected

tests/test_star_wars_characters.py F                                     [100%]

=================================== FAILURES ===================================
_____________________ test_sort_top10_characters_by_height _____________________

star_wars_characters_data = <src.star_wars_characters.StarWarsCharactersData object at 0x10fc49460>
sample_csv_data = [{'appearances': 4, 'height': 228, 'name': 'Chewbacca', 'species': 'Wookie'}, {'appearances': 4, 'height': 202, 'name'..., 'name': 'Luke Skywalker', 'species': ''}, {'appearances': 5, 'height': 170, 'name': 'Palpatine', 'species': ''}, ...]

    def test_sort_top10_characters_by_height(star_wars_characters_data, sample_csv_data):
        top10_sorted_character = star_wars_characters_data.sort_top10_characters_by_height()
>       assert top10_sorted_character == sample_csv_data
E       assert [{'appearance...'Droid'}, ...] == [{'appearance...es': ''}, ...]
E         At index 2 diff: {'name': 'Obi-Wan Kenobi', 'species': '', 'height': 182, 'appearances': 6} != {'name': 'Ki-Adi-Mundi', 'species': 'Cerean', 'height': 198, 'appearances': 3}
E         Right contains one more item: {'appearances': 5, 'height': 66, 'name': 'Yoda', 'species': "Yoda's species"}
E         Use -v to get the full diff

tests/test_star_wars_characters.py:329: AssertionError
=========================== short test summary info ============================
FAILED tests/test_star_wars_characters.py::test_sort_top10_characters_by_height
======================= 1 failed, 26 deselected in 3.71s =======================
============================= test session starts ==============================
platform darwin -- Python 3.9.14, pytest-6.2.2, py-1.10.0, pluggy-0.13.1
rootdir: /Users/naim_joukovsky/Desktop/Dev/star-wars-API-ETL
plugins: web3-5.31.0, timeout-2.1.0, cov-4.0.0
collected 27 items / 26 deselected / 1 selected

tests/test_star_wars_characters.py F                                     [100%]

=================================== FAILURES ===================================
_____________________ test_sort_top10_characters_by_height _____________________

star_wars_characters_data = <src.star_wars_characters.StarWarsCharactersData object at 0x110ef5850>
sample_csv_data = [{'appearances': 4, 'height': 228, 'name': 'Chewbacca', 'species': 'Wookie'}, {'appearances': 4, 'height': 202, 'name'..., 'name': 'Luke Skywalker', 'species': ''}, {'appearances': 5, 'height': 170, 'name': 'Palpatine', 'species': ''}, ...]

    def test_sort_top10_characters_by_height(star_wars_characters_data, sample_csv_data):
        top10_sorted_character = star_wars_characters_data.sort_top10_characters_by_height()
>       assert top10_sorted_character == sample_csv_data
E       assert [{'appearance...'Droid'}, ...] == [{'appearance...es': ''}, ...]
E         At index 2 diff: {'name': 'Obi-Wan Kenobi', 'species': '', 'height': 182, 'appearances': 6} != {'name': 'Ki-Adi-Mundi', 'species': 'Cerean', 'height': 198, 'appearances': 3}
E         Right contains one more item: {'appearances': 5, 'height': 66, 'name': 'Yoda', 'species': "Yoda's species"}
E         Use -v to get the full diff

tests/test_star_wars_characters.py:329: AssertionError
=========================== short test summary info ============================
FAILED tests/test_star_wars_characters.py::test_sort_top10_characters_by_height
======================= 1 failed, 26 deselected in 3.72s =======================
============================= test session starts ==============================
platform darwin -- Python 3.9.14, pytest-6.2.2, py-1.10.0, pluggy-0.13.1
rootdir: /Users/naim_joukovsky/Desktop/Dev/star-wars-API-ETL
plugins: web3-5.31.0, timeout-2.1.0, cov-4.0.0
collected 27 items / 26 deselected / 1 selected

tests/test_star_wars_characters.py F                                     [100%]

=================================== FAILURES ===================================
_____________________ test_sort_top10_characters_by_height _____________________

star_wars_characters_data = <src.star_wars_characters.StarWarsCharactersData object at 0x10d79c790>
sample_csv_data = [{'appearances': 4, 'height': 228, 'name': 'Chewbacca', 'species': 'Wookie'}, {'appearances': 4, 'height': 202, 'name'..., 'name': 'Luke Skywalker', 'species': ''}, {'appearances': 5, 'height': 170, 'name': 'Palpatine', 'species': ''}, ...]

    def test_sort_top10_characters_by_height(star_wars_characters_data, sample_csv_data):
        top10_sorted_character = star_wars_characters_data.sort_top10_characters_by_height()
>       assert top10_sorted_character == sample_csv_data
E       assert [{'appearance...'Droid'}, ...] == [{'appearance...es': ''}, ...]
E         At index 2 diff: {'name': 'Obi-Wan Kenobi', 'species': '', 'height': 182, 'appearances': 6} != {'name': 'Ki-Adi-Mundi', 'species': 'Cerean', 'height': 198, 'appearances': 3}
E         Right contains one more item: {'appearances': 5, 'height': 66, 'name': 'Yoda', 'species': "Yoda's species"}
E         Use -v to get the full diff

tests/test_star_wars_characters.py:329: AssertionError
=========================== short test summary info ============================
FAILED tests/test_star_wars_characters.py::test_sort_top10_characters_by_height
======================= 1 failed, 26 deselected in 3.81s =======================
============================= test session starts ==============================
platform darwin -- Python 3.9.14, pytest-6.2.2, py-1.10.0, pluggy-0.13.1
rootdir: /Users/naim_joukovsky/Desktop/Dev/star-wars-API-ETL
plugins: web3-5.31.0, timeout-2.1.0, cov-4.0.0
collected 27 items / 26 deselected / 1 selected

tests/test_star_wars_characters.py F                                     [100%]

=================================== FAILURES ===================================
_____________________ test_sort_top10_characters_by_height _____________________

star_wars_characters_data = <src.star_wars_characters.StarWarsCharactersData object at 0x10f062730>
sample_csv_data = [{'appearances': 4, 'height': 228, 'name': 'Chewbacca', 'species': 'Wookie'}, {'appearances': 4, 'height': 202, 'name'..., 'name': 'Luke Skywalker', 'species': ''}, {'appearances': 5, 'height': 170, 'name': 'Palpatine', 'species': ''}, ...]

    def test_sort_top10_characters_by_height(star_wars_characters_data, sample_csv_data):
        top10_sorted_character = star_wars_characters_data.sort_top10_characters_by_height()
>       assert top10_sorted_character == sample_csv_data
E       assert [{'appearance...'Droid'}, ...] == [{'appearance...es': ''}, ...]
E         At index 2 diff: {'name': 'Obi-Wan Kenobi', 'species': '', 'height': 182, 'appearances': 6} != {'name': 'Ki-Adi-Mundi', 'species': 'Cerean', 'height': 198, 'appearances': 3}
E         Right contains one more item: {'appearances': 5, 'height': 66, 'name': 'Yoda', 'species': "Yoda's species"}
E         Use -v to get the full diff

tests/test_star_wars_characters.py:329: AssertionError
=========================== short test summary info ============================
FAILED tests/test_star_wars_characters.py::test_sort_top10_characters_by_height
======================= 1 failed, 26 deselected in 3.50s =======================
============================= test session starts ==============================
platform darwin -- Python 3.9.14, pytest-6.2.2, py-1.10.0, pluggy-0.13.1
rootdir: /Users/naim_joukovsky/Desktop/Dev/star-wars-API-ETL
plugins: web3-5.31.0, timeout-2.1.0, cov-4.0.0
collected 27 items / 26 deselected / 1 selected

tests/test_star_wars_characters.py F                                     [100%]

=================================== FAILURES ===================================
_____________________ test_sort_top10_characters_by_height _____________________

star_wars_characters_data = <src.star_wars_characters.StarWarsCharactersData object at 0x10ed8f7f0>
sample_csv_data = [{'appearances': 4, 'height': 228, 'name': 'Chewbacca', 'species': 'Wookie'}, {'appearances': 4, 'height': 202, 'name'..., 'name': 'Luke Skywalker', 'species': ''}, {'appearances': 5, 'height': 170, 'name': 'Palpatine', 'species': ''}, ...]

    def test_sort_top10_characters_by_height(star_wars_characters_data, sample_csv_data):
        top10_sorted_character = star_wars_characters_data.sort_top10_characters_by_height()
>       assert top10_sorted_character == sample_csv_data
E       assert [{'appearance...'Droid'}, ...] == [{'appearance...es': ''}, ...]
E         At index 2 diff: {'name': 'Obi-Wan Kenobi', 'species': '', 'height': 182, 'appearances': 6} != {'name': 'Ki-Adi-Mundi', 'species': 'Cerean', 'height': 198, 'appearances': 3}
E         Right contains one more item: {'appearances': 5, 'height': 66, 'name': 'Yoda', 'species': "Yoda's species"}
E         Use -v to get the full diff

tests/test_star_wars_characters.py:329: AssertionError
=========================== short test summary info ============================
FAILED tests/test_star_wars_characters.py::test_sort_top10_characters_by_height
======================= 1 failed, 26 deselected in 3.87s =======================
============================= test session starts ==============================
platform darwin -- Python 3.9.14, pytest-6.2.2, py-1.10.0, pluggy-0.13.1
rootdir: /Users/naim_joukovsky/Desktop/Dev/star-wars-API-ETL
plugins: web3-5.31.0, timeout-2.1.0, cov-4.0.0
collected 27 items / 26 deselected / 1 selected

tests/test_star_wars_characters.py F                                     [100%]

=================================== FAILURES ===================================
_____________________ test_sort_top10_characters_by_height _____________________

star_wars_characters_data = <src.star_wars_characters.StarWarsCharactersData object at 0x10d2e5a30>
sample_csv_data = [{'appearances': 4, 'height': 228, 'name': 'Chewbacca', 'species': 'Wookie'}, {'appearances': 4, 'height': 202, 'name'..., 'name': 'Luke Skywalker', 'species': ''}, {'appearances': 5, 'height': 170, 'name': 'Palpatine', 'species': ''}, ...]

    def test_sort_top10_characters_by_height(star_wars_characters_data, sample_csv_data):
        top10_sorted_character = star_wars_characters_data.sort_top10_characters_by_height()
>       assert top10_sorted_character == sample_csv_data
E       assert [{'appearance...'Droid'}, ...] == [{'appearance...es': ''}, ...]
E         At index 2 diff: {'name': 'Obi-Wan Kenobi', 'species': '', 'height': 182, 'appearances': 6} != {'name': 'Ki-Adi-Mundi', 'species': 'Cerean', 'height': 198, 'appearances': 3}
E         Right contains one more item: {'appearances': 5, 'height': 66, 'name': 'Yoda', 'species': "Yoda's species"}
E         Use -v to get the full diff

tests/test_star_wars_characters.py:329: AssertionError
=========================== short test summary info ============================
FAILED tests/test_star_wars_characters.py::test_sort_top10_characters_by_height
======================= 1 failed, 26 deselected in 3.61s =======================
============================= test session starts ==============================
platform darwin -- Python 3.9.14, pytest-6.2.2, py-1.10.0, pluggy-0.13.1
rootdir: /Users/naim_joukovsky/Desktop/Dev/star-wars-API-ETL
plugins: web3-5.31.0, timeout-2.1.0, cov-4.0.0
collected 27 items / 26 deselected / 1 selected

tests/test_star_wars_characters.py F                                     [100%]

=================================== FAILURES ===================================
_____________________ test_sort_top10_characters_by_height _____________________

star_wars_characters_data = <src.star_wars_characters.StarWarsCharactersData object at 0x10f0f67c0>
sample_csv_data = [{'appearances': 4, 'height': 228, 'name': 'Chewbacca', 'species': 'Wookie'}, {'appearances': 4, 'height': 202, 'name'..., 'name': 'Luke Skywalker', 'species': ''}, {'appearances': 5, 'height': 170, 'name': 'Palpatine', 'species': ''}, ...]

    def test_sort_top10_characters_by_height(star_wars_characters_data, sample_csv_data):
        top10_sorted_character = star_wars_characters_data.sort_top10_characters_by_height()
>       assert top10_sorted_character == sample_csv_data
E       assert [{'appearance...'Droid'}, ...] == [{'appearance...es': ''}, ...]
E         At index 2 diff: {'name': 'Obi-Wan Kenobi', 'species': '', 'height': 182, 'appearances': 6} != {'name': 'Ki-Adi-Mundi', 'species': 'Cerean', 'height': 198, 'appearances': 3}
E         Right contains one more item: {'appearances': 5, 'height': 66, 'name': 'Yoda', 'species': "Yoda's species"}
E         Use -v to get the full diff

tests/test_star_wars_characters.py:329: AssertionError
=========================== short test summary info ============================
FAILED tests/test_star_wars_characters.py::test_sort_top10_characters_by_height
======================= 1 failed, 26 deselected in 3.81s =======================
============================= test session starts ==============================
platform darwin -- Python 3.9.14, pytest-6.2.2, py-1.10.0, pluggy-0.13.1
rootdir: /Users/naim_joukovsky/Desktop/Dev/star-wars-API-ETL
plugins: web3-5.31.0, timeout-2.1.0, cov-4.0.0
collected 27 items / 26 deselected / 1 selected

tests/test_star_wars_characters.py F                                     [100%]

=================================== FAILURES ===================================
_____________________ test_sort_top10_characters_by_height _____________________

star_wars_characters_data = <src.star_wars_characters.StarWarsCharactersData object at 0x10fbeb460>
sample_csv_data = [{'appearances': 4, 'height': 228, 'name': 'Chewbacca', 'species': 'Wookie'}, {'appearances': 4, 'height': 202, 'name'..., 'name': 'Luke Skywalker', 'species': ''}, {'appearances': 5, 'height': 170, 'name': 'Palpatine', 'species': ''}, ...]

    def test_sort_top10_characters_by_height(star_wars_characters_data, sample_csv_data):
        top10_sorted_character = star_wars_characters_data.sort_top10_characters_by_height()
>       assert top10_sorted_character == sample_csv_data
E       assert [{'appearance...'Droid'}, ...] == [{'appearance...es': ''}, ...]
E         At index 2 diff: {'name': 'Obi-Wan Kenobi', 'species': '', 'height': 182, 'appearances': 6} != {'name': 'Ki-Adi-Mundi', 'species': 'Cerean', 'height': 198, 'appearances': 3}
E         Right contains one more item: {'appearances': 5, 'height': 66, 'name': 'Yoda', 'species': "Yoda's species"}
E         Use -v to get the full diff

tests/test_star_wars_characters.py:329: AssertionError
----------------------------- Captured stdout call -----------------------------
[]
=========================== short test summary info ============================
FAILED tests/test_star_wars_characters.py::test_sort_top10_characters_by_height
======================= 1 failed, 26 deselected in 3.51s =======================
============================= test session starts ==============================
platform darwin -- Python 3.9.14, pytest-6.2.2, py-1.10.0, pluggy-0.13.1
rootdir: /Users/naim_joukovsky/Desktop/Dev/star-wars-API-ETL
plugins: web3-5.31.0, timeout-2.1.0, cov-4.0.0
collected 27 items / 26 deselected / 1 selected

tests/test_star_wars_characters.py F                                     [100%]

=================================== FAILURES ===================================
_____________________ test_sort_top10_characters_by_height _____________________

star_wars_characters_data = <src.star_wars_characters.StarWarsCharactersData object at 0x10da9d7c0>
sample_csv_data = [{'appearances': 4, 'height': 228, 'name': 'Chewbacca', 'species': 'Wookie'}, {'appearances': 4, 'height': 202, 'name'..., 'name': 'Luke Skywalker', 'species': ''}, {'appearances': 5, 'height': 170, 'name': 'Palpatine', 'species': ''}, ...]

    def test_sort_top10_characters_by_height(star_wars_characters_data, sample_csv_data):
        top10_sorted_character = star_wars_characters_data.sort_top10_characters_by_height()
>       assert top10_sorted_character == sample_csv_data
E       assert [{'appearance...'Droid'}, ...] == [{'appearance...es': ''}, ...]
E         At index 2 diff: {'name': 'Obi-Wan Kenobi', 'species': '', 'height': 182, 'appearances': 6} != {'name': 'Ki-Adi-Mundi', 'species': 'Cerean', 'height': 198, 'appearances': 3}
E         Right contains one more item: {'appearances': 5, 'height': 66, 'name': 'Yoda', 'species': "Yoda's species"}
E         Use -v to get the full diff

tests/test_star_wars_characters.py:329: AssertionError
----------------------------- Captured stdout call -----------------------------
[]
=========================== short test summary info ============================
FAILED tests/test_star_wars_characters.py::test_sort_top10_characters_by_height
======================= 1 failed, 26 deselected in 3.73s =======================
============================= test session starts ==============================
platform darwin -- Python 3.9.14, pytest-6.2.2, py-1.10.0, pluggy-0.13.1
rootdir: /Users/naim_joukovsky/Desktop/Dev/star-wars-API-ETL
plugins: web3-5.31.0, timeout-2.1.0, cov-4.0.0
collected 27 items / 26 deselected / 1 selected

tests/test_star_wars_characters.py F                                     [100%]

=================================== FAILURES ===================================
_____________________ test_sort_top10_characters_by_height _____________________

star_wars_characters_data = <src.star_wars_characters.StarWarsCharactersData object at 0x10d7537c0>
sample_csv_data = [{'appearances': 4, 'height': 228, 'name': 'Chewbacca', 'species': 'Wookie'}, {'appearances': 4, 'height': 202, 'name'..., 'name': 'Luke Skywalker', 'species': ''}, {'appearances': 5, 'height': 170, 'name': 'Palpatine', 'species': ''}, ...]

    def test_sort_top10_characters_by_height(star_wars_characters_data, sample_csv_data):
        top10_sorted_character = star_wars_characters_data.sort_top10_characters_by_height()
>       assert top10_sorted_character == sample_csv_data
E       assert [{'appearance...'Droid'}, ...] == [{'appearance...es': ''}, ...]
E         At index 2 diff: {'name': 'Obi-Wan Kenobi', 'species': '', 'height': 182, 'appearances': 6} != {'name': 'Ki-Adi-Mundi', 'species': 'Cerean', 'height': 198, 'appearances': 3}
E         Right contains one more item: {'appearances': 5, 'height': 66, 'name': 'Yoda', 'species': "Yoda's species"}
E         Use -v to get the full diff

tests/test_star_wars_characters.py:329: AssertionError
----------------------------- Captured stdout call -----------------------------
[]
=========================== short test summary info ============================
FAILED tests/test_star_wars_characters.py::test_sort_top10_characters_by_height
======================= 1 failed, 26 deselected in 3.99s =======================
============================= test session starts ==============================
platform darwin -- Python 3.9.14, pytest-6.2.2, py-1.10.0, pluggy-0.13.1
rootdir: /Users/naim_joukovsky/Desktop/Dev/star-wars-API-ETL
plugins: web3-5.31.0, timeout-2.1.0, cov-4.0.0
collected 27 items / 26 deselected / 1 selected

tests/test_star_wars_characters.py F                                     [100%]

=================================== FAILURES ===================================
_____________________ test_sort_top10_characters_by_height _____________________

star_wars_characters_data = <src.star_wars_characters.StarWarsCharactersData object at 0x10da03790>
sample_csv_data = [{'appearances': 4, 'height': 228, 'name': 'Chewbacca', 'species': 'Wookie'}, {'appearances': 4, 'height': 202, 'name'..., 'name': 'Luke Skywalker', 'species': ''}, {'appearances': 5, 'height': 170, 'name': 'Palpatine', 'species': ''}, ...]

    def test_sort_top10_characters_by_height(star_wars_characters_data, sample_csv_data):
        top10_sorted_character = star_wars_characters_data.sort_top10_characters_by_height()
>       assert top10_sorted_character == sample_csv_data
E       assert [{'appearance...'Droid'}, ...] == [{'appearance...es': ''}, ...]
E         At index 2 diff: {'name': 'Obi-Wan Kenobi', 'species': '', 'height': 182, 'appearances': 6} != {'name': 'Ki-Adi-Mundi', 'species': 'Cerean', 'height': 198, 'appearances': 3}
E         Right contains one more item: {'appearances': 5, 'height': 66, 'name': 'Yoda', 'species': "Yoda's species"}
E         Use -v to get the full diff

tests/test_star_wars_characters.py:329: AssertionError
----------------------------- Captured stdout call -----------------------------
[]
=========================== short test summary info ============================
FAILED tests/test_star_wars_characters.py::test_sort_top10_characters_by_height
======================= 1 failed, 26 deselected in 3.86s =======================
============================= test session starts ==============================
platform darwin -- Python 3.9.14, pytest-6.2.2, py-1.10.0, pluggy-0.13.1
rootdir: /Users/naim_joukovsky/Desktop/Dev/star-wars-API-ETL
plugins: web3-5.31.0, timeout-2.1.0, cov-4.0.0
collected 27 items / 26 deselected / 1 selected

tests/test_star_wars_characters.py F                                     [100%]

=================================== FAILURES ===================================
_____________________ test_sort_top10_characters_by_height _____________________

star_wars_characters_data = <src.star_wars_characters.StarWarsCharactersData object at 0x1115287c0>
sample_csv_data = [{'appearances': 4, 'height': 228, 'name': 'Chewbacca', 'species': 'Wookie'}, {'appearances': 4, 'height': 202, 'name'..., 'name': 'Luke Skywalker', 'species': ''}, {'appearances': 5, 'height': 170, 'name': 'Palpatine', 'species': ''}, ...]

    def test_sort_top10_characters_by_height(star_wars_characters_data, sample_csv_data):
        top10_sorted_character = star_wars_characters_data.sort_top10_characters_by_height()
>       assert top10_sorted_character == sample_csv_data
E       assert [{'appearance...'Droid'}, ...] == [{'appearance...es': ''}, ...]
E         At index 2 diff: {'name': 'Obi-Wan Kenobi', 'species': '', 'height': 182, 'appearances': 6} != {'name': 'Ki-Adi-Mundi', 'species': 'Cerean', 'height': 198, 'appearances': 3}
E         Right contains one more item: {'appearances': 5, 'height': 66, 'name': 'Yoda', 'species': "Yoda's species"}
E         Use -v to get the full diff

tests/test_star_wars_characters.py:329: AssertionError
----------------------------- Captured stdout call -----------------------------
[]
=========================== short test summary info ============================
FAILED tests/test_star_wars_characters.py::test_sort_top10_characters_by_height
======================= 1 failed, 26 deselected in 3.55s =======================
============================= test session starts ==============================
platform darwin -- Python 3.9.14, pytest-6.2.2, py-1.10.0, pluggy-0.13.1
rootdir: /Users/naim_joukovsky/Desktop/Dev/star-wars-API-ETL
plugins: web3-5.31.0, timeout-2.1.0, cov-4.0.0
collected 27 items / 26 deselected / 1 selected

tests/test_star_wars_characters.py F                                     [100%]

=================================== FAILURES ===================================
_____________________ test_sort_top10_characters_by_height _____________________

star_wars_characters_data = <src.star_wars_characters.StarWarsCharactersData object at 0x110cdc790>
sample_csv_data = [{'appearances': 4, 'height': 228, 'name': 'Chewbacca', 'species': 'Wookie'}, {'appearances': 4, 'height': 202, 'name'..., 'name': 'Luke Skywalker', 'species': ''}, {'appearances': 5, 'height': 170, 'name': 'Palpatine', 'species': ''}, ...]

    def test_sort_top10_characters_by_height(star_wars_characters_data, sample_csv_data):
        top10_sorted_character = star_wars_characters_data.sort_top10_characters_by_height()
>       assert top10_sorted_character == sample_csv_data
E       assert [{'appearance...'Droid'}, ...] == [{'appearance...es': ''}, ...]
E         At index 2 diff: {'name': 'Obi-Wan Kenobi', 'species': '', 'height': 182, 'appearances': 6} != {'name': 'Ki-Adi-Mundi', 'species': 'Cerean', 'height': 198, 'appearances': 3}
E         Right contains one more item: {'appearances': 5, 'height': 66, 'name': 'Yoda', 'species': "Yoda's species"}
E         Use -v to get the full diff

tests/test_star_wars_characters.py:329: AssertionError
----------------------------- Captured stdout call -----------------------------
[]
=========================== short test summary info ============================
FAILED tests/test_star_wars_characters.py::test_sort_top10_characters_by_height
======================= 1 failed, 26 deselected in 3.50s =======================
============================= test session starts ==============================
platform darwin -- Python 3.9.14, pytest-6.2.2, py-1.10.0, pluggy-0.13.1
rootdir: /Users/naim_joukovsky/Desktop/Dev/star-wars-API-ETL
plugins: web3-5.31.0, timeout-2.1.0, cov-4.0.0
collected 27 items / 26 deselected / 1 selected

tests/test_star_wars_characters.py F                                     [100%]

=================================== FAILURES ===================================
_____________________ test_sort_top10_characters_by_height _____________________

star_wars_characters_data = <src.star_wars_characters.StarWarsCharactersData object at 0x10f944640>
sample_csv_data = [{'appearances': 4, 'height': 228, 'name': 'Chewbacca', 'species': 'Wookie'}, {'appearances': 4, 'height': 202, 'name'..., 'name': 'Luke Skywalker', 'species': ''}, {'appearances': 5, 'height': 170, 'name': 'Palpatine', 'species': ''}, ...]

    def test_sort_top10_characters_by_height(star_wars_characters_data, sample_csv_data):
        top10_sorted_character = star_wars_characters_data.sort_top10_characters_by_height()
>       assert top10_sorted_character == sample_csv_data
E       assert [{'appearance...'Droid'}, ...] == [{'appearance...es': ''}, ...]
E         At index 2 diff: {'name': 'Obi-Wan Kenobi', 'species': '', 'height': 182, 'appearances': 6} != {'name': 'Ki-Adi-Mundi', 'species': 'Cerean', 'height': 198, 'appearances': 3}
E         Right contains one more item: {'appearances': 5, 'height': 66, 'name': 'Yoda', 'species': "Yoda's species"}
E         Use -v to get the full diff

tests/test_star_wars_characters.py:329: AssertionError
----------------------------- Captured stdout call -----------------------------
[]
=========================== short test summary info ============================
FAILED tests/test_star_wars_characters.py::test_sort_top10_characters_by_height
======================= 1 failed, 26 deselected in 4.11s =======================
============================= test session starts ==============================
platform darwin -- Python 3.9.14, pytest-6.2.2, py-1.10.0, pluggy-0.13.1
rootdir: /Users/naim_joukovsky/Desktop/Dev/star-wars-API-ETL
plugins: web3-5.31.0, timeout-2.1.0, cov-4.0.0
collected 27 items / 26 deselected / 1 selected

tests/test_star_wars_characters.py F                                     [100%]

=================================== FAILURES ===================================
_____________________ test_sort_top10_characters_by_height _____________________

star_wars_characters_data = <src.star_wars_characters.StarWarsCharactersData object at 0x10fc307c0>
sample_csv_data = [{'appearances': 4, 'height': 228, 'name': 'Chewbacca', 'species': 'Wookie'}, {'appearances': 4, 'height': 202, 'name'..., 'name': 'Luke Skywalker', 'species': ''}, {'appearances': 5, 'height': 170, 'name': 'Palpatine', 'species': ''}, ...]

    def test_sort_top10_characters_by_height(star_wars_characters_data, sample_csv_data):
        top10_sorted_character = star_wars_characters_data.sort_top10_characters_by_height()
>       assert top10_sorted_character == sample_csv_data
E       assert [{'appearance...'Droid'}, ...] == [{'appearance...es': ''}, ...]
E         At index 2 diff: {'name': 'Obi-Wan Kenobi', 'species': '', 'height': 182, 'appearances': 6} != {'name': 'Ki-Adi-Mundi', 'species': 'Cerean', 'height': 198, 'appearances': 3}
E         Right contains one more item: {'appearances': 5, 'height': 66, 'name': 'Yoda', 'species': "Yoda's species"}
E         Use -v to get the full diff

tests/test_star_wars_characters.py:329: AssertionError
----------------------------- Captured stdout call -----------------------------
[]
=========================== short test summary info ============================
FAILED tests/test_star_wars_characters.py::test_sort_top10_characters_by_height
======================= 1 failed, 26 deselected in 4.98s =======================
============================= test session starts ==============================
platform darwin -- Python 3.9.14, pytest-6.2.2, py-1.10.0, pluggy-0.13.1
rootdir: /Users/naim_joukovsky/Desktop/Dev/star-wars-API-ETL
plugins: web3-5.31.0, timeout-2.1.0, cov-4.0.0
collected 27 items / 26 deselected / 1 selected

tests/test_star_wars_characters.py F                                     [100%]

=================================== FAILURES ===================================
_____________________ test_sort_top10_characters_by_height _____________________

star_wars_characters_data = <src.star_wars_characters.StarWarsCharactersData object at 0x111721790>
sample_csv_data = [{'appearances': 4, 'height': 228, 'name': 'Chewbacca', 'species': 'Wookie'}, {'appearances': 4, 'height': 202, 'name'..., 'name': 'Luke Skywalker', 'species': ''}, {'appearances': 5, 'height': 170, 'name': 'Palpatine', 'species': ''}, ...]

    def test_sort_top10_characters_by_height(star_wars_characters_data, sample_csv_data):
        top10_sorted_character = star_wars_characters_data.sort_top10_characters_by_height()
>       assert top10_sorted_character == sample_csv_data
E       assert [{'appearance...'Droid'}, ...] == [{'appearance...es': ''}, ...]
E         At index 2 diff: {'name': 'Obi-Wan Kenobi', 'species': '', 'height': 182, 'appearances': 6} != {'name': 'Ki-Adi-Mundi', 'species': 'Cerean', 'height': 198, 'appearances': 3}
E         Right contains one more item: {'appearances': 5, 'height': 66, 'name': 'Yoda', 'species': "Yoda's species"}
E         Use -v to get the full diff

tests/test_star_wars_characters.py:329: AssertionError
----------------------------- Captured stdout call -----------------------------
[]
=========================== short test summary info ============================
FAILED tests/test_star_wars_characters.py::test_sort_top10_characters_by_height
======================= 1 failed, 26 deselected in 3.45s =======================
============================= test session starts ==============================
platform darwin -- Python 3.9.14, pytest-6.2.2, py-1.10.0, pluggy-0.13.1
rootdir: /Users/naim_joukovsky/Desktop/Dev/star-wars-API-ETL
plugins: web3-5.31.0, timeout-2.1.0, cov-4.0.0
collected 27 items / 26 deselected / 1 selected

tests/test_star_wars_characters.py F                                     [100%]

=================================== FAILURES ===================================
_____________________ test_sort_top10_characters_by_height _____________________

star_wars_characters_data = <src.star_wars_characters.StarWarsCharactersData object at 0x10ed62730>
sample_csv_data = [{'appearances': 4, 'height': 228, 'name': 'Chewbacca', 'species': 'Wookie'}, {'appearances': 4, 'height': 202, 'name'..., 'name': 'Luke Skywalker', 'species': ''}, {'appearances': 5, 'height': 170, 'name': 'Palpatine', 'species': ''}, ...]

    def test_sort_top10_characters_by_height(star_wars_characters_data, sample_csv_data):
        top10_sorted_character = star_wars_characters_data.sort_top10_characters_by_height()
>       assert top10_sorted_character == sample_csv_data
E       assert [{'appearance...'Droid'}, ...] == [{'appearance...es': ''}, ...]
E         At index 2 diff: {'name': 'Obi-Wan Kenobi', 'species': '', 'height': 182, 'appearances': 6} != {'name': 'Ki-Adi-Mundi', 'species': 'Cerean', 'height': 198, 'appearances': 3}
E         Right contains one more item: {'appearances': 5, 'height': 66, 'name': 'Yoda', 'species': "Yoda's species"}
E         Use -v to get the full diff

tests/test_star_wars_characters.py:329: AssertionError
----------------------------- Captured stdout call -----------------------------
[]
=========================== short test summary info ============================
FAILED tests/test_star_wars_characters.py::test_sort_top10_characters_by_height
======================= 1 failed, 26 deselected in 3.99s =======================
============================= test session starts ==============================
platform darwin -- Python 3.9.14, pytest-6.2.2, py-1.10.0, pluggy-0.13.1
rootdir: /Users/naim_joukovsky/Desktop/Dev/star-wars-API-ETL
plugins: web3-5.31.0, timeout-2.1.0, cov-4.0.0
collected 27 items / 26 deselected / 1 selected

tests/test_star_wars_characters.py F                                     [100%]

=================================== FAILURES ===================================
_____________________ test_sort_top10_characters_by_height _____________________

star_wars_characters_data = <src.star_wars_characters.StarWarsCharactersData object at 0x10fc5f760>
sample_csv_data = [{'appearances': 4, 'height': 228, 'name': 'Chewbacca', 'species': 'Wookie'}, {'appearances': 4, 'height': 202, 'name'..., 'name': 'Luke Skywalker', 'species': ''}, {'appearances': 5, 'height': 170, 'name': 'Palpatine', 'species': ''}, ...]

    def test_sort_top10_characters_by_height(star_wars_characters_data, sample_csv_data):
        top10_sorted_character = star_wars_characters_data.sort_top10_characters_by_height()
>       assert top10_sorted_character == sample_csv_data
E       assert [{'appearance...'Droid'}, ...] == [{'appearance...es': ''}, ...]
E         At index 2 diff: {'name': 'Obi-Wan Kenobi', 'species': '', 'height': 182, 'appearances': 6} != {'name': 'Ki-Adi-Mundi', 'species': 'Cerean', 'height': 198, 'appearances': 3}
E         Right contains one more item: {'appearances': 5, 'height': 66, 'name': 'Yoda', 'species': "Yoda's species"}
E         Use -v to get the full diff

tests/test_star_wars_characters.py:329: AssertionError
----------------------------- Captured stdout call -----------------------------
[]
=========================== short test summary info ============================
FAILED tests/test_star_wars_characters.py::test_sort_top10_characters_by_height
======================= 1 failed, 26 deselected in 5.95s =======================
============================= test session starts ==============================
platform darwin -- Python 3.9.14, pytest-6.2.2, py-1.10.0, pluggy-0.13.1
rootdir: /Users/naim_joukovsky/Desktop/Dev/star-wars-API-ETL
plugins: web3-5.31.0, timeout-2.1.0, cov-4.0.0
collected 27 items / 26 deselected / 1 selected

tests/test_star_wars_characters.py F                                     [100%]

=================================== FAILURES ===================================
_____________________ test_sort_top10_characters_by_height _____________________

star_wars_characters_data = <src.star_wars_characters.StarWarsCharactersData object at 0x10ef15b80>
sample_csv_data = [{'appearances': 4, 'height': 228, 'name': 'Chewbacca', 'species': 'Wookie'}, {'appearances': 4, 'height': 202, 'name'..., 'name': 'Luke Skywalker', 'species': ''}, {'appearances': 5, 'height': 170, 'name': 'Palpatine', 'species': ''}, ...]

    def test_sort_top10_characters_by_height(star_wars_characters_data, sample_csv_data):
        top10_sorted_character = star_wars_characters_data.sort_top10_characters_by_height()
>       assert top10_sorted_character == sample_csv_data
E       assert [{'appearance...'Droid'}, ...] == [{'appearance...es': ''}, ...]
E         At index 2 diff: {'name': 'Obi-Wan Kenobi', 'species': '', 'height': 182, 'appearances': 6} != {'name': 'Ki-Adi-Mundi', 'species': 'Cerean', 'height': 198, 'appearances': 3}
E         Right contains one more item: {'appearances': 5, 'height': 66, 'name': 'Yoda', 'species': "Yoda's species"}
E         Use -v to get the full diff

tests/test_star_wars_characters.py:329: AssertionError
----------------------------- Captured stdout call -----------------------------
[]
=========================== short test summary info ============================
FAILED tests/test_star_wars_characters.py::test_sort_top10_characters_by_height
======================= 1 failed, 26 deselected in 4.07s =======================
============================= test session starts ==============================
platform darwin -- Python 3.9.14, pytest-6.2.2, py-1.10.0, pluggy-0.13.1
rootdir: /Users/naim_joukovsky/Desktop/Dev/star-wars-API-ETL
plugins: web3-5.31.0, timeout-2.1.0, cov-4.0.0
collected 27 items / 26 deselected / 1 selected

tests/test_star_wars_characters.py F                                     [100%]

=================================== FAILURES ===================================
_____________________ test_sort_top10_characters_by_height _____________________

star_wars_characters_data = <src.star_wars_characters.StarWarsCharactersData object at 0x10d47d790>
sample_csv_data = [{'appearances': 4, 'height': 228, 'name': 'Chewbacca', 'species': 'Wookie'}, {'appearances': 4, 'height': 202, 'name'..., 'name': 'Luke Skywalker', 'species': ''}, {'appearances': 5, 'height': 170, 'name': 'Palpatine', 'species': ''}, ...]

    def test_sort_top10_characters_by_height(star_wars_characters_data, sample_csv_data):
        top10_sorted_character = star_wars_characters_data.sort_top10_characters_by_height()
>       assert top10_sorted_character == sample_csv_data
E       assert [{'appearance...'Droid'}, ...] == [{'appearance...es': ''}, ...]
E         At index 2 diff: {'name': 'Obi-Wan Kenobi', 'species': '', 'height': 182, 'appearances': 6} != {'name': 'Ki-Adi-Mundi', 'species': 'Cerean', 'height': 198, 'appearances': 3}
E         Right contains one more item: {'appearances': 5, 'height': 66, 'name': 'Yoda', 'species': "Yoda's species"}
E         Use -v to get the full diff

tests/test_star_wars_characters.py:329: AssertionError
----------------------------- Captured stdout call -----------------------------
[]
=========================== short test summary info ============================
FAILED tests/test_star_wars_characters.py::test_sort_top10_characters_by_height
======================= 1 failed, 26 deselected in 3.60s =======================
============================= test session starts ==============================
platform darwin -- Python 3.9.14, pytest-6.2.2, py-1.10.0, pluggy-0.13.1
rootdir: /Users/naim_joukovsky/Desktop/Dev/star-wars-API-ETL
plugins: web3-5.31.0, timeout-2.1.0, cov-4.0.0
collected 27 items / 26 deselected / 1 selected

tests/test_star_wars_characters.py .                                     [100%]

======================= 1 passed, 26 deselected in 3.74s =======================
